internal/modules/cjs/loader.js:818
  throw err;
  ^

Error: Cannot find module 'node:crypto'
Require stack:
- /root/kawpow-sin-pool/node_modules/@noble/hashes/cryptoNode.js
- /root/kawpow-sin-pool/node_modules/@noble/hashes/utils.js
- /root/kawpow-sin-pool/node_modules/@noble/hashes/_sha2.js
- /root/kawpow-sin-pool/node_modules/@noble/hashes/ripemd160.js
- /root/kawpow-sin-pool/node_modules/bitcoinjs-lib/src/crypto.js
- /root/kawpow-sin-pool/node_modules/bitcoinjs-lib/src/payments/p2pkh.js
- /root/kawpow-sin-pool/node_modules/bitcoinjs-lib/src/payments/index.js
- /root/kawpow-sin-pool/node_modules/bitcoinjs-lib/src/address.js
- /root/kawpow-sin-pool/node_modules/bitcoinjs-lib/src/index.js
- /root/kawpow-sin-pool/node_modules/stratum-pool/lib/transactions.js
- /root/kawpow-sin-pool/node_modules/stratum-pool/lib/blockTemplate.js
- /root/kawpow-sin-pool/node_modules/stratum-pool/lib/jobManager.js
- /root/kawpow-sin-pool/node_modules/stratum-pool/lib/pool.js
- /root/kawpow-sin-pool/node_modules/stratum-pool/lib/index.js
- /root/kawpow-sin-pool/libs/poolWorker.js
- /root/kawpow-sin-pool/init.js
    at Function.Module._resolveFilename (internal/modules/cjs/loader.js:815:15)
    at Function.Module._load (internal/modules/cjs/loader.js:667:27)
    at Module.require (internal/modules/cjs/loader.js:887:19)
    at require (internal/modules/cjs/helpers.js:74:18)
    at Object.<anonymous> (/root/kawpow-sin-pool/node_modules/@noble/hashes/cryptoNode.js:8:12)
    at Module._compile (internal/modules/cjs/loader.js:999:30)
    at Object.Module._extensions..js (internal/modules/cjs/loader.js:1027:10)
    at Module.load (internal/modules/cjs/loader.js:863:32)
    at Function.Module._load (internal/modules/cjs/loader.js:708:14)
    at Module.require (internal/modules/cjs/loader.js:887:19) {
  code: 'MODULE_NOT_FOUND',
  requireStack: [
    '/root/kawpow-sin-pool/node_modules/@noble/hashes/cryptoNode.js',
    '/root/kawpow-sin-pool/node_modules/@noble/hashes/utils.js',
    '/root/kawpow-sin-pool/node_modules/@noble/hashes/_sha2.js',
    '/root/kawpow-sin-pool/node_modules/@noble/hashes/ripemd160.js',
    '/root/kawpow-sin-pool/node_modules/bitcoinjs-lib/src/crypto.js',
    '/root/kawpow-sin-pool/node_modules/bitcoinjs-lib/src/payments/p2pkh.js',
    '/root/kawpow-sin-pool/node_modules/bitcoinjs-lib/src/payments/index.js',
    '/root/kawpow-sin-pool/node_modules/bitcoinjs-lib/src/address.js',
    '/root/kawpow-sin-pool/node_modules/bitcoinjs-lib/src/index.js',
    '/root/kawpow-sin-pool/node_modules/stratum-pool/lib/transactions.js',
    '/root/kawpow-sin-pool/node_modules/stratum-pool/lib/blockTemplate.js',
    '/root/kawpow-sin-pool/node_modules/stratum-pool/lib/jobManager.js',
    '/root/kawpow-sin-pool/node_modules/stratum-pool/lib/pool.js',
    '/root/kawpow-sin-pool/node_modules/stratum-pool/lib/index.js',
    '/root/kawpow-sin-pool/libs/poolWorker.js',
    '/root/kawpow-sin-pool/init.js'
  ]
}
internal/modules/cjs/loader.js:818
  throw err;
  ^

Error: Cannot find module 'node:crypto'
Require stack:
- /root/kawpow-sin-pool/node_modules/@noble/hashes/cryptoNode.js
- /root/kawpow-sin-pool/node_modules/@noble/hashes/utils.js
- /root/kawpow-sin-pool/node_modules/@noble/hashes/_sha2.js
- /root/kawpow-sin-pool/node_modules/@noble/hashes/ripemd160.js
- /root/kawpow-sin-pool/node_modules/bitcoinjs-lib/src/crypto.js
- /root/kawpow-sin-pool/node_modules/bitcoinjs-lib/src/payments/p2pkh.js
- /root/kawpow-sin-pool/node_modules/bitcoinjs-lib/src/payments/index.js
- /root/kawpow-sin-pool/node_modules/bitcoinjs-lib/src/address.js
- /root/kawpow-sin-pool/node_modules/bitcoinjs-lib/src/index.js
- /root/kawpow-sin-pool/node_modules/stratum-pool/lib/transactions.js
- /root/kawpow-sin-pool/node_modules/stratum-pool/lib/blockTemplate.js
- /root/kawpow-sin-pool/node_modules/stratum-pool/lib/jobManager.js
- /root/kawpow-sin-pool/node_modules/stratum-pool/lib/pool.js
- /root/kawpow-sin-pool/node_modules/stratum-pool/lib/index.js
- /root/kawpow-sin-pool/libs/poolWorker.js
- /root/kawpow-sin-pool/init.js
    at Function.Module._resolveFilename (internal/modules/cjs/loader.js:815:15)
    at Function.Module._load (internal/modules/cjs/loader.js:667:27)
    at Module.require (internal/modules/cjs/loader.js:887:19)
    at require (internal/modules/cjs/helpers.js:74:18)
    at Object.<anonymous> (/root/kawpow-sin-pool/node_modules/@noble/hashes/cryptoNode.js:8:12)
    at Module._compile (internal/modules/cjs/loader.js:999:30)
    at Object.Module._extensions..js (internal/modules/cjs/loader.js:1027:10)
    at Module.load (internal/modules/cjs/loader.js:863:32)
    at Function.Module._load (internal/modules/cjs/loader.js:708:14)
    at Module.require (internal/modules/cjs/loader.js:887:19) {
  code: 'MODULE_NOT_FOUND',
  requireStack: [
    '/root/kawpow-sin-pool/node_modules/@noble/hashes/cryptoNode.js',
    '/root/kawpow-sin-pool/node_modules/@noble/hashes/utils.js',
    '/root/kawpow-sin-pool/node_modules/@noble/hashes/_sha2.js',
    '/root/kawpow-sin-pool/node_modules/@noble/hashes/ripemd160.js',
    '/root/kawpow-sin-pool/node_modules/bitcoinjs-lib/src/crypto.js',
    '/root/kawpow-sin-pool/node_modules/bitcoinjs-lib/src/payments/p2pkh.js',
    '/root/kawpow-sin-pool/node_modules/bitcoinjs-lib/src/payments/index.js',
    '/root/kawpow-sin-pool/node_modules/bitcoinjs-lib/src/address.js',
    '/root/kawpow-sin-pool/node_modules/bitcoinjs-lib/src/index.js',
    '/root/kawpow-sin-pool/node_modules/stratum-pool/lib/transactions.js',
    '/root/kawpow-sin-pool/node_modules/stratum-pool/lib/blockTemplate.js',
    '/root/kawpow-sin-pool/node_modules/stratum-pool/lib/jobManager.js',
    '/root/kawpow-sin-pool/node_modules/stratum-pool/lib/pool.js',
    '/root/kawpow-sin-pool/node_modules/stratum-pool/lib/index.js',
    '/root/kawpow-sin-pool/libs/poolWorker.js',
    '/root/kawpow-sin-pool/init.js'
  ]
}
